351  [main] INFO  edu.csf.oop.java.monopoli.Main - Запуск программы
9048 [main] INFO  edu.csf.oop.java.monopoli.Main - Сделан ход игрока
9181 [main] INFO  edu.csf.oop.java.monopoli.Main - Игрок совершил покупку
9182 [main] INFO  edu.csf.oop.java.monopoli.Main - Сделан ход бота
9184 [main] INFO  edu.csf.oop.java.monopoli.Main - Бот купил территорию
9279 [main] INFO  edu.csf.oop.java.monopoli.Main - Сделан ход игрока
9402 [main] INFO  edu.csf.oop.java.monopoli.Main - Игрок совершил покупку
9403 [main] INFO  edu.csf.oop.java.monopoli.Main - Сделан ход бота
9504 [main] INFO  edu.csf.oop.java.monopoli.Main - Сделан ход игрока
9618 [main] INFO  edu.csf.oop.java.monopoli.Main - Игрок совершил покупку
9619 [main] INFO  edu.csf.oop.java.monopoli.Main - Сделан ход бота
9743 [main] INFO  edu.csf.oop.java.monopoli.Main - Сделан ход игрока
9842 [main] INFO  edu.csf.oop.java.monopoli.Main - Игрок совершил покупку
9842 [main] INFO  edu.csf.oop.java.monopoli.Main - Сделан ход бота
9843 [main] INFO  edu.csf.oop.java.monopoli.Main - Бот купил территорию
10055 [main] INFO  edu.csf.oop.java.monopoli.Main - Сделан ход игрока
10171 [main] INFO  edu.csf.oop.java.monopoli.Main - Игрок совершил покупку
10172 [main] INFO  edu.csf.oop.java.monopoli.Main - Сделан ход бота
10281 [main] INFO  edu.csf.oop.java.monopoli.Main - Сделан ход игрока
10391 [main] INFO  edu.csf.oop.java.monopoli.Main - Сделан ход бота
10530 [main] INFO  edu.csf.oop.java.monopoli.Main - Сделан ход игрока
10741 [main] INFO  edu.csf.oop.java.monopoli.Main - Сделан ход бота
10864 [main] INFO  edu.csf.oop.java.monopoli.Main - Сделан ход игрока
10864 [main] INFO  edu.csf.oop.java.monopoli.Main - Сделан ход бота
10865 [main] INFO  edu.csf.oop.java.monopoli.Main - Бот купил территорию
10991 [main] INFO  edu.csf.oop.java.monopoli.Main - Сделан ход игрока
10992 [main] INFO  edu.csf.oop.java.monopoli.Main - Сделан ход бота
10992 [main] INFO  edu.csf.oop.java.monopoli.Main - Бот купил территорию
11125 [main] INFO  edu.csf.oop.java.monopoli.Main - Сделан ход игрока
11125 [main] INFO  edu.csf.oop.java.monopoli.Main - Сделан ход бота
11246 [main] INFO  edu.csf.oop.java.monopoli.Main - Сделан ход игрока
11247 [main] INFO  edu.csf.oop.java.monopoli.Main - Сделан ход бота
11453 [main] INFO  edu.csf.oop.java.monopoli.Main - Сделан ход игрока
11453 [main] INFO  edu.csf.oop.java.monopoli.Main - Сделан ход бота
11574 [main] INFO  edu.csf.oop.java.monopoli.Main - Сделан ход игрока
11689 [main] INFO  edu.csf.oop.java.monopoli.Main - Сделан ход бота
11815 [main] INFO  edu.csf.oop.java.monopoli.Main - Сделан ход игрока
11815 [main] INFO  edu.csf.oop.java.monopoli.Main - Сделан ход бота
11916 [main] INFO  edu.csf.oop.java.monopoli.Main - Сделан ход игрока
11916 [main] INFO  edu.csf.oop.java.monopoli.Main - Сделан ход бота
